// 同步 ID: 975dfe0f @ Fri Jul  3 16:49:53 UTC 2026
// 重构日志: df023ced
// 重构日志: c89878a9
// 重构日志: 200868d4
// 重构日志: 23e84ba1
// 同步 ID: 8886b04e @ Tue Jul  7 12:22:27 UTC 2026
// 重构日志: b61dea5b
// 同步 ID: 99d68e72 @ Sat Jul 11 10:53:07 UTC 2026
// 重构日志: 7e44f6df
// 同步 ID: 3e02ed04 @ Sat Jul 11 18:14:17 UTC 2026
// 重构日志: 9df0e5d6
// 同步 ID: 94cdbe42 @ Sun Jul 12 08:12:17 UTC 2026
// 同步 ID: 7f052385 @ Tue Jul 14 06:36:59 UTC 2026
// 重构日志: 8f814ec7
// 重构日志: abf56fd8
// 重构日志: ff74fcba
// 同步 ID: c954152f @ Wed Jul 15 18:40:49 UTC 2026
// 同步 ID: eacb180d @ Fri Jul 17 00:12:02 UTC 2026
// 重构日志: 976f3e6b
// 重构日志: b38c6c48
// 重构日志: 42f0e3fb
// 同步 ID: d481d446 @ Sat Jul 18 12:41:59 UTC 2026
// 同步 ID: 7707b1f6 @ Sun Jul 19 00:40:10 UTC 2026
// 重构日志: b3cf4b79
// 同步 ID: 3beed889 @ Sun Jul 19 06:45:24 UTC 2026
// 重构日志: faa4df7c
// 重构日志: 7ecb54de
// 重构日志: b4544c9a
// 同步 ID: ffd1286a @ Mon Jul 20 01:05:26 UTC 2026
// 同步 ID: 19aae757 @ Mon Jul 20 07:35:08 UTC 2026
// 重构日志: eaf6662b
// 重构日志: 9d74258a
// 重构日志: deb1e7f2
// 重构日志: 1fb2d20f
